---------- Date: 2013-07-11 15:29:50 ~ IP : 127.0.0.1 ----------
REQUEST URI : /admin/index.php?route=extension/module&amp;token=6e081dc6a7c2e1c3954a49703a03e614
DOM UNABLE TO LOAD: C:\wamp\www\opencart\upload\vqmod/xml/manufacturer_description.xml
----------------------------------------------------------------------


---------- Date: 2013-07-11 15:29:55 ~ IP : 127.0.0.1 ----------
REQUEST URI : /admin/index.php?route=catalog/manufacturer&amp;token=6e081dc6a7c2e1c3954a49703a03e614
DOM UNABLE TO LOAD: C:\wamp\www\opencart\upload\vqmod/xml/manufacturer_description.xml
----------------------------------------------------------------------


---------- Date: 2013-07-11 15:29:57 ~ IP : 127.0.0.1 ----------
REQUEST URI : /admin/index.php?route=catalog/manufacturer/update&amp;token=6e081dc6a7c2e1c3954a49703a03e614&amp;manufacturer_id=8
DOM UNABLE TO LOAD: C:\wamp\www\opencart\upload\vqmod/xml/manufacturer_description.xml
----------------------------------------------------------------------


---------- Date: 2013-07-11 15:30:19 ~ IP : 127.0.0.1 ----------
REQUEST URI : /
DOM UNABLE TO LOAD: C:\wamp\www\opencart\upload\vqmod/xml/manufacturer_description.xml
----------------------------------------------------------------------


---------- Date: 2013-07-11 15:30:23 ~ IP : 127.0.0.1 ----------
REQUEST URI : /index.php?route=product/product&amp;product_id=40
DOM UNABLE TO LOAD: C:\wamp\www\opencart\upload\vqmod/xml/manufacturer_description.xml
----------------------------------------------------------------------


---------- Date: 2013-07-11 15:30:23 ~ IP : 127.0.0.1 ----------
REQUEST URI : /index.php?route=product/product/captcha
DOM UNABLE TO LOAD: C:\wamp\www\opencart\upload\vqmod/xml/manufacturer_description.xml
----------------------------------------------------------------------


---------- Date: 2013-07-11 15:30:23 ~ IP : 127.0.0.1 ----------
REQUEST URI : /index.php?route=product/product/review&amp;product_id=40
DOM UNABLE TO LOAD: C:\wamp\www\opencart\upload\vqmod/xml/manufacturer_description.xml
----------------------------------------------------------------------


---------- Date: 2013-07-11 15:30:25 ~ IP : 127.0.0.1 ----------
REQUEST URI : /index.php?route=product/manufacturer/info&amp;manufacturer_id=8
DOM UNABLE TO LOAD: C:\wamp\www\opencart\upload\vqmod/xml/manufacturer_description.xml
----------------------------------------------------------------------


---------- Date: 2013-07-11 15:30:28 ~ IP : 127.0.0.1 ----------
REQUEST URI : /admin/index.php?route=catalog/manufacturer/update&amp;token=6e081dc6a7c2e1c3954a49703a03e614&amp;manufacturer_id=8
DOM UNABLE TO LOAD: C:\wamp\www\opencart\upload\vqmod/xml/manufacturer_description.xml
----------------------------------------------------------------------


---------- Date: 2013-07-11 15:30:29 ~ IP : 127.0.0.1 ----------
REQUEST URI : /admin/index.php?route=catalog/manufacturer/update&amp;token=6e081dc6a7c2e1c3954a49703a03e614&amp;manufacturer_id=8
DOM UNABLE TO LOAD: C:\wamp\www\opencart\upload\vqmod/xml/manufacturer_description.xml
----------------------------------------------------------------------


---------- Date: 2013-07-11 15:30:30 ~ IP : 127.0.0.1 ----------
REQUEST URI : /admin/index.php?route=catalog/manufacturer/update&amp;token=6e081dc6a7c2e1c3954a49703a03e614&amp;manufacturer_id=8
DOM UNABLE TO LOAD: C:\wamp\www\opencart\upload\vqmod/xml/manufacturer_description.xml
----------------------------------------------------------------------


